<?xml version="1.0" encoding="UTF-8"?>
<testsuites name="Reqres.in" time="3.942" tests="1" failures="0" errors="0">
   <testsuite name="Reqres.in" tests="1" failures="0" errors="0" time="3.942" skipped="0" timestamp="2023-02-15 22:18:59" hostname="LENOVO - LAPTOP-MLQDQEBH" id="Test Suites/Reqres.in">
      <properties>
         <property name="deviceName" value=""/>
         <property name="devicePlatform" value=""/>
         <property name="logFolder" value="C:\\Users\\LENOVO\\Katalon Studio\\Loyalto_QA_Assesment\\Reports\\20230215_221848\\Reqres.in\\20230215_221849"/>
         <property name="logFiles" value="C:\\Users\\LENOVO\\Katalon Studio\\Loyalto_QA_Assesment\\Reports\\20230215_221848\\Reqres.in\\20230215_221849\\execution0.log"/>
         <property name="attachments" value=""/>
         <property name="hostName" value="LENOVO - LAPTOP-MLQDQEBH"/>
         <property name="hostAddress" value="192.168.1.8"/>
         <property name="os" value="Windows 10 64bit"/>
         <property name="katalonVersion" value="8.5.5.208"/>
      </properties>
      <testcase name="Test Cases/Reqres.in" time="3.717" classname="Test Cases/Reqres.in" status="PASSED">
         <system-out><![CDATA[2023-02-15 22:18:59 - [TEST_CASE][PASSED] - Test Cases/Reqres.in: Test Cases/Reqres.in

2023-02-15 22:19:00 - [TEST_STEP][PASSED] - sendRequest(findTestObject("Postman/Get List Users")): Send request successfully

2023-02-15 22:19:01 - [MESSAGE][INFO] - HAR: C:\Users\LENOVO\Katalon Studio\Loyalto_QA_Assesment\Reports\20230215_221848\Reqres.in\20230215_221849\requests\main\0.har

2023-02-15 22:19:01 - [MESSAGE][PASSED] - Send request successfully

2023-02-15 22:19:01 - [TEST_STEP][PASSED] - sendRequest(findTestObject("Postman/Get Single User 10")): Send request successfully

2023-02-15 22:19:02 - [MESSAGE][INFO] - HAR: C:\Users\LENOVO\Katalon Studio\Loyalto_QA_Assesment\Reports\20230215_221848\Reqres.in\20230215_221849\requests\main\1.har

2023-02-15 22:19:02 - [MESSAGE][PASSED] - Send request successfully

2023-02-15 22:19:02 - [TEST_STEP][PASSED] - sendRequest(findTestObject("Postman/Put Update User 10")): Send request successfully

2023-02-15 22:19:02 - [MESSAGE][INFO] - HAR: C:\Users\LENOVO\Katalon Studio\Loyalto_QA_Assesment\Reports\20230215_221848\Reqres.in\20230215_221849\requests\main\2.har

2023-02-15 22:19:02 - [MESSAGE][PASSED] - Send request successfully

2023-02-15 22:19:02 - [TEST_STEP][PASSED] - sendRequest(findTestObject("Postman/Post Register User Email User 10")): Send request successfully

2023-02-15 22:19:03 - [MESSAGE][INFO] - HAR: C:\Users\LENOVO\Katalon Studio\Loyalto_QA_Assesment\Reports\20230215_221848\Reqres.in\20230215_221849\requests\main\3.har

2023-02-15 22:19:03 - [MESSAGE][PASSED] - Send request successfully]]></system-out>
         <system-err><![CDATA[]]></system-err>
      </testcase>
      <system-out><![CDATA[2023-02-15 22:18:59 - [TEST_SUITE][PASSED] - Reqres.in: Test Cases/Reqres.in]]></system-out>
      <system-err><![CDATA[]]></system-err>
   </testsuite>
</testsuites>
